0 info it worked if it ends with ok
1 verbose cli [ '/Users/icke/.nvm/versions/node/v4.2.2/bin/node',
1 verbose cli   '/Users/icke/.nvm/versions/node/v4.2.2/bin/npm',
1 verbose cli   'run',
1 verbose cli   'gulp',
1 verbose cli   'deploy' ]
2 info using npm@2.14.7
3 info using node@v4.2.2
4 verbose run-script [ 'pregulp', 'gulp', 'postgulp' ]
5 info pregulp steel-ant-input-output@0.1.0
6 info gulp steel-ant-input-output@0.1.0
7 verbose unsafe-perm in lifecycle true
8 info steel-ant-input-output@0.1.0 Failed to exec gulp script
9 verbose stack Error: steel-ant-input-output@0.1.0 gulp: `gulp "deploy"`
9 verbose stack Exit status 1
9 verbose stack     at EventEmitter.<anonymous> (/Users/icke/.nvm/versions/node/v4.2.2/lib/node_modules/npm/lib/utils/lifecycle.js:214:16)
9 verbose stack     at emitTwo (events.js:87:13)
9 verbose stack     at EventEmitter.emit (events.js:172:7)
9 verbose stack     at ChildProcess.<anonymous> (/Users/icke/.nvm/versions/node/v4.2.2/lib/node_modules/npm/lib/utils/spawn.js:24:14)
9 verbose stack     at emitTwo (events.js:87:13)
9 verbose stack     at ChildProcess.emit (events.js:172:7)
9 verbose stack     at maybeClose (internal/child_process.js:818:16)
9 verbose stack     at Process.ChildProcess._handle.onexit (internal/child_process.js:211:5)
10 verbose pkgid steel-ant-input-output@0.1.0
11 verbose cwd /Users/icke/Documents/steel-ant-input-output
12 error Darwin 15.0.0
13 error argv "/Users/icke/.nvm/versions/node/v4.2.2/bin/node" "/Users/icke/.nvm/versions/node/v4.2.2/bin/npm" "run" "gulp" "deploy"
14 error node v4.2.2
15 error npm  v2.14.7
16 error code ELIFECYCLE
17 error steel-ant-input-output@0.1.0 gulp: `gulp "deploy"`
17 error Exit status 1
18 error Failed at the steel-ant-input-output@0.1.0 gulp script 'gulp "deploy"'.
18 error This is most likely a problem with the steel-ant-input-output package,
18 error not with npm itself.
18 error Tell the author that this fails on your system:
18 error     gulp "deploy"
18 error You can get their info via:
18 error     npm owner ls steel-ant-input-output
18 error There is likely additional logging output above.
19 verbose exit [ 1, true ]
